Tue Jan  9 23:37:51 EST 2024
$PROBLEM From bbr: see 106-sir-no-etas.yaml for details

$INPUT C NUM ID TIME SEQ CMT EVID AMT DV AGE WT HT EGFR ALB BMI SEX AAG
       SCR AST ALT CP TAFD TAD LDOS MDV BLQ PHASE

$DATA ../../../data/derived/analysis3.csv IGNORE=(C='C', BLQ=1)

$SUBROUTINE ADVAN4 TRANS4

$PK
 
;log transformed PK parms
 
V2WT = LOG(WT/70)
CLWT = LOG(WT/70)*0.75
CLEGFR = LOG(EGFR/90)*THETA(6)
CLAGE = LOG(AGE/35)*THETA(7)
V3WT = LOG(WT/70)
QWT  = LOG(WT/70)*0.75
CLALB = LOG(ALB/4.5)*THETA(8)


KA   = EXP(THETA(1)+ETA(1))
V2   = EXP(THETA(2)+V2WT+ETA(2))
CL   = EXP(THETA(3)+CLWT+CLEGFR+CLAGE+CLALB+ETA(3))
V3   = EXP(THETA(4)+V3WT)
Q    = EXP(THETA(5)+QWT) 

S2 = V2/1000 ; dose in mcg, conc in mcg/mL

$ERROR
IPRED = F 
Y=IPRED*(1+EPS(1))

$THETA  ; log values
(0.5)   ;  1 KA (1/hr) - 1.5
(3.5)   ;  2 V2 (L) - 60
(1)     ;  3 CL (L/hr) - 3.5
(4)     ;  4 V3 (L) - 70
(2)     ;  5 Q  (L/hr) - 4
(1)     ;  6 CLEGFR~CL ()
(1)     ;  7 AGE~CL ()
(0.5)   ;  8 ALB~CL ()

$OMEGA BLOCK(3)
0.2   ;ETA(KA)
0.01 0.2   ;ETA(V2)
0.01 0.01 0.2   ;ETA(CL)

$SIGMA
0.05     ; 1 pro error

$CHAIN FILE=../106/106.ext NSAMPLE=0 ISAMPLE=-1000000000
$RCOV FILE=../106/106.cov
;$ETAS FILE=../106/106.phi

$EST MAXEVAL=9999 METHOD=1 INTER SIGL=6 NSIG=3 PRINT=1 FNLETA=2 
$COV PRINT=E SIRSAMPLE=100 FILE=./106-sir-no-etas.EXT

;$TABLE NUM CL V2 Q V3 KA ETAS(1:LAST) IPRED NPDE CWRES NOPRINT ONEHEADER FILE=106-sir-no-etas.tab
;$TABLE NUM CL V2 Q V3 KA ETAS(1:LAST) NOAPPEND NOPRINT ONEHEADER FILE=106-sir-no-etaspar.tab

NM-TRAN MESSAGES
  
 WARNINGS AND ERRORS (IF ANY) FOR PROBLEM    1
             
 (WARNING  2) NM-TRAN INFERS THAT THE DATA ARE POPULATION.

 LIM VALUES MAXLIM ASSESSED BY NMTRAN: 1,2,3,4,5,6,7,8,10,11,13,15,16        
  
Note: Analytical 2nd Derivatives are constructed in FSUBS but are never used.
      You may insert $ABBR DERIV2=NO after the first $PROB to save FSUBS construction and compilation time
  

License Registered to: Metrum Research Group
Expiration Date:    14 JUL 2024
Current Date:        9 JAN 2024
Days until program expires : 185
1NONLINEAR MIXED EFFECTS MODEL PROGRAM (NONMEM) VERSION 7.5.1
 ORIGINALLY DEVELOPED BY STUART BEAL, LEWIS SHEINER, AND ALISON BOECKMANN
 CURRENT DEVELOPERS ARE ROBERT BAUER, ICON DEVELOPMENT SOLUTIONS,
 AND ALISON BOECKMANN. IMPLEMENTATION, EFFICIENCY, AND STANDARDIZATION
 PERFORMED BY NOUS INFOSYSTEMS.

 PROBLEM NO.:         1
 From bbr: see 106-sir-no-etas.yaml for details
0DATA CHECKOUT RUN:              NO
 DATA SET LOCATED ON UNIT NO.:    2
 THIS UNIT TO BE REWOUND:        NO
 NO. OF DATA RECS IN DATA SET:     4292
 NO. OF DATA ITEMS IN DATA SET:  27
 ID DATA ITEM IS DATA ITEM NO.:   3
 DEP VARIABLE IS DATA ITEM NO.:   9
 MDV DATA ITEM IS DATA ITEM NO.: 25
0INDICES PASSED TO SUBROUTINE PRED:
   7   4   8   0   0   0   6   0   0   0   0
0LABELS FOR DATA ITEMS:
 C NUM ID TIME SEQ CMT EVID AMT DV AGE WT HT EGFR ALB BMI SEX AAG SCR AST ALT CP TAFD TAD LDOS MDV BLQ PHASE
0FORMAT FOR DATA:
 (2(10E7.0/),7E7.0)

 TOT. NO. OF OBS RECS:     3142
 TOT. NO. OF INDIVIDUALS:      160
0LENGTH OF THETA:   8
0DEFAULT THETA BOUNDARY TEST OMITTED:    NO
0OMEGA HAS BLOCK FORM:
  1
  1  1
  1  1  1
0DEFAULT OMEGA BOUNDARY TEST OMITTED:    NO
0SIGMA HAS SIMPLE DIAGONAL FORM WITH DIMENSION:   1
0DEFAULT SIGMA BOUNDARY TEST OMITTED:    NO
0INITIAL ESTIMATE OF THETA:
   0.5000E+00  0.3500E+01  0.1000E+01  0.4000E+01  0.2000E+01  0.1000E+01  0.1000E+01  0.5000E+00
0INITIAL ESTIMATE OF OMEGA:
 BLOCK SET NO.   BLOCK                                                                    FIXED
        1                                                                                   NO
                  0.2000E+00
                  0.1000E-01   0.2000E+00
                  0.1000E-01   0.1000E-01   0.2000E+00
0INITIAL ESTIMATE OF SIGMA:
 0.5000E-01
0COVARIANCE STEP OMITTED:        NO
 EIGENVLS. PRINTED:             YES
 SPECIAL COMPUTATION:            NO
 COMPRESSED FORMAT:              NO
 GRADIENT METHOD USED:     NOSLOW
 SIGDIGITS ETAHAT (SIGLO):                  -1
 SIGDIGITS GRADIENTS (SIGL):                -1
 EXCLUDE COV FOR FOCE (NOFCOV):              NO
 Cholesky Transposition of R Matrix (CHOLROFF):0
 KNUTHSUMOFF:                                -1
 RESUME COV ANALYSIS (RESUME):               NO
 SIR SAMPLE SIZE (SIRSAMPLE):              100
 NON-LINEARLY TRANSFORM THETAS DURING COV (THBND): 1
 PRECONDTIONING CYCLES (PRECOND):        0
 PRECONDTIONING TYPES (PRECONDS):        TOS
 FORCED PRECONDTIONING CYCLES (PFCOND):0
 PRECONDTIONING TYPE (PRETYPE):        0
 FORCED POS. DEFINITE SETTING DURING PRECONDITIONING: (FPOSDEF):0
 SIMPLE POS. DEFINITE SETTING: (POSDEF):-1
 SIR SAMPLE ITERATIONS (SIRNITER):          1
 SIR SAMPLE CENTERED ABOUT ESTIMATE
 SIR CAP_CORRELATION:                              1.00000000000000
 SIR MIN WEIGHT:                              1.000000000000000E-03
 SIR MAX WEIGHT:                              1000.00000000000
 SIR IACCEPT:                              1.00000000000000
 SIR IACCEPTL:                             0.00000000000000
 SIR DF (SIRDF,T-DIST SAMPLING):           0.00000000000000
 SIR SEED (SIRSEED):          11456
 SIR RANMETHOD:
 SIR PRINT ITERATIONS (SIRPRINT):          0
 SIR FILE:                            ./106-sir-no-etas.EXT
 SIR FORMAT:
 NON-LINEARLY TRANSFORM THETAS DURING SIR COV (SIRTHBND): 1
1DOUBLE PRECISION PREDPP VERSION 7.5.1

 TWO COMPARTMENT MODEL WITH FIRST-ORDER ABSORPTION (ADVAN4)
0MAXIMUM NO. OF BASIC PK PARAMETERS:   5
0BASIC PK PARAMETERS (AFTER TRANSLATION):
   BASIC PK PARAMETER NO.  1: ELIMINATION RATE (K)
   BASIC PK PARAMETER NO.  2: CENTRAL-TO-PERIPH. RATE (K23)
   BASIC PK PARAMETER NO.  3: PERIPH.-TO-CENTRAL RATE (K32)
   BASIC PK PARAMETER NO.  5: ABSORPTION RATE (KA)
 TRANSLATOR WILL CONVERT PARAMETERS
 CL, V2, Q, V3 TO K, K23, K32 (TRANS4)
0COMPARTMENT ATTRIBUTES
 COMPT. NO.   FUNCTION   INITIAL    ON/OFF      DOSE      DEFAULT    DEFAULT
                         STATUS     ALLOWED    ALLOWED    FOR DOSE   FOR OBS.
    1         DEPOT        OFF        YES        YES        YES        NO
    2         CENTRAL      ON         NO         YES        NO         YES
    3         PERIPH.      ON         NO         YES        NO         NO
    4         OUTPUT       OFF        YES        NO         NO         NO
1
 ADDITIONAL PK PARAMETERS - ASSIGNMENT OF ROWS IN GG
 COMPT. NO.                             INDICES
              SCALE      BIOAVAIL.   ZERO-ORDER  ZERO-ORDER  ABSORB
                         FRACTION    RATE        DURATION    LAG
    1            *           *           *           *           *
    2            6           *           *           *           *
    3            *           *           *           *           *
    4            *           -           -           -           -
             - PARAMETER IS NOT ALLOWED FOR THIS MODEL
             * PARAMETER IS NOT SUPPLIED BY PK SUBROUTINE;
               WILL DEFAULT TO ONE IF APPLICABLE
0DATA ITEM INDICES USED BY PRED ARE:
   EVENT ID DATA ITEM IS DATA ITEM NO.:      7
   TIME DATA ITEM IS DATA ITEM NO.:          4
   DOSE AMOUNT DATA ITEM IS DATA ITEM NO.:   8
   COMPT. NO. DATA ITEM IS DATA ITEM NO.:    6

0PK SUBROUTINE CALLED WITH EVERY EVENT RECORD.
 PK SUBROUTINE NOT CALLED AT NONEVENT (ADDITIONAL OR LAGGED) DOSE TIMES.
0ERROR SUBROUTINE CALLED WITH EVERY EVENT RECORD.
1


 #TBLN:      1
 #METH: Chain Record Processing

 RANDOM GENERATION TYPE (CTYPE):     0
 RANDOM GENERATION SEED (SEED):      11456
 RANDOM SAMPLE SELECTION (ISAMPLE):  -1000000000
 RANDOM SAMPLE RANGE END (ISAMPEND): -2147483647
 NUMBER OF RANDOM SAMPLES (NSAMPLE): 0
 UNIFORM FRACTIONAL RANGE (IACCEPT): 0.400000000000000
 RANDOM SELECTION TYPE (SELECT):     0
 DEG. FR. TO GENERATE OMEGAS (DF):   0
 DEG. FR. TO GENERATE SIGMAS (DFS):  -1
 CHAIN FILE (FILE):                  ../106/106.ext
 EXCL. TITLE IN CHAIN FILE (NOTITLE):NO
 EX. COL. LBS. IN CHAIN FL.(NOLABEL):NO
 FORMAT FOR CHAIN FILE (FORMAT):     S1PE12.5
 PAR. ORDER in CHAIN FILE (ORDER):   TSOL
 RANDOM SAMPLING METHOD (RANMETHOD):3U

 THE FOLLOWING LABELS ARE EQUIVALENT
 PRED=PREDI
 RES=RESI
 WRES=WRESI
 IWRS=IWRESI
 IPRD=IPREDI
 IRS=IRESI



 FROM SAMPLE -1000000000 OF TABLE 1 OF CHAIN FILE ../106/106.ext
 NEW INITIAL ESTIMATES OF THETA
  0.4431E+00
  0.4119E+01
  0.1172E+01
  0.4209E+01
  0.1285E+01
  0.4847E+00
 -0.3777E-01
  0.4189E+00
 NEW INITIAL ESTIMATES OF OMEGA
  0.2187E+00
  0.6681E-01  0.8238E-01
  0.1214E+00  0.7036E-01  0.1144E+00
 NEW INITIAL ESTIMATES OF SIGMA
  0.3994E-01
LOADED VARIANCE/COVARIANCE DATA FROM FILE ../106/106.cov
 $MSFI/$ETAS/$PHIS NOT SPECIFIED.  SO ESTIMATION WILL NOT BE SKIPPED, AND FNLETA=0
1


 #TBLN:      1
 #METH: First Order Conditional Estimation with Interaction

 ESTIMATION STEP OMITTED:                 NO
 ANALYSIS TYPE:                           POPULATION
 NUMBER OF SADDLE POINT RESET ITERATIONS:      0
 GRADIENT METHOD USED:               NOSLOW
 CONDITIONAL ESTIMATES USED:              YES
 CENTERED ETA:                            NO
 EPS-ETA INTERACTION:                     YES
 LAPLACIAN OBJ. FUNC.:                    NO
 NO. OF FUNCT. EVALS. ALLOWED:            9999
 NO. OF SIG. FIGURES REQUIRED:            3
 INTERMEDIATE PRINTOUT:                   YES
 ESTIMATE OUTPUT TO MSF:                  NO
 IND. OBJ. FUNC. VALUES SORTED:           NO
 NUMERICAL DERIVATIVE
       FILE REQUEST (NUMDER):               NONE
 MAP (ETAHAT) ESTIMATION METHOD (OPTMAP):   0
 ETA HESSIAN EVALUATION METHOD (ETADER):    0
 INITIAL ETA FOR MAP ESTIMATION (MCETA):    0
 SIGDIGITS FOR MAP ESTIMATION (SIGLO):      6
 GRADIENT SIGDIGITS OF
       FIXED EFFECTS PARAMETERS (SIGL):     6
 NOPRIOR SETTING (NOPRIOR):                 0
 NOCOV SETTING (NOCOV):                     OFF
 DERCONT SETTING (DERCONT):                 OFF
 FINAL ETA RE-EVALUATION (FNLETA):          0
 EXCLUDE NON-INFLUENTIAL (NON-INFL.) ETAS
       IN SHRINKAGE (ETASTYPE):             NO
 NON-INFL. ETA CORRECTION (NONINFETA):      0
 RAW OUTPUT FILE (FILE): 106-sir-no-etas.ext
 EXCLUDE TITLE (NOTITLE):                   NO
 EXCLUDE COLUMN LABELS (NOLABEL):           NO
 FORMAT FOR ADDITIONAL FILES (FORMAT):      S1PE12.5
 PARAMETER ORDER FOR OUTPUTS (ORDER):       TSOL
 KNUTHSUMOFF:                               0
 INCLUDE LNTWOPI:                           NO
 INCLUDE CONSTANT TERM TO PRIOR (PRIORC):   NO
 INCLUDE CONSTANT TERM TO OMEGA (ETA) (OLNTWOPI):NO
 ADDITIONAL CONVERGENCE TEST (CTYPE=4)?:    NO
 EM OR BAYESIAN METHOD USED:                 NONE


 THE FOLLOWING LABELS ARE EQUIVALENT
 PRED=PREDI
 RES=RESI
 WRES=WRESI
 IWRS=IWRESI
 IPRD=IPREDI
 IRS=IRESI

 MONITORING OF SEARCH:


0ITERATION NO.:    0    OBJECTIVE VALUE:   30904.4086315090        NO. OF FUNC. EVALS.:  11
 CUMULATIVE NO. OF FUNC. EVALS.:       11
 NPARAMETR:  4.4310E-01  4.1190E+00  1.1720E+00  4.2094E+00  1.2846E+00  4.8474E-01 -3.7771E-02  4.1893E-01  2.1875E-01  6.6811E-02
             1.2140E-01  8.2378E-02  7.0363E-02  1.1441E-01  3.9938E-02
 PARAMETER:  1.0000E-01  1.0000E-01  1.0000E-01  1.0000E-01  1.0000E-01  1.0000E-01 -1.0000E-01  1.0000E-01  1.0000E-01  1.0000E-01
             1.0000E-01  1.0000E-01  1.0000E-01  1.0000E-01  1.0000E-01
 GRADIENT:   3.5085E+00  3.3119E+03  1.0323E+03  6.9449E+02  2.9172E+01  2.1950E+01  8.2741E-02  6.3833E+00  1.0980E-03 -1.4027E-03
            -3.3910E-02 -2.4231E-03  1.4630E-02 -1.4931E-03  6.7794E-01

0ITERATION NO.:    1    OBJECTIVE VALUE:   30904.4086315090        NO. OF FUNC. EVALS.:  34
 CUMULATIVE NO. OF FUNC. EVALS.:       45
 NPARAMETR:  4.4310E-01  4.1190E+00  1.1720E+00  4.2094E+00  1.2846E+00  4.8474E-01 -3.7771E-02  4.1893E-01  2.1875E-01  6.6811E-02
             1.2140E-01  8.2378E-02  7.0363E-02  1.1441E-01  3.9938E-02
 PARAMETER:  1.0000E-01  1.0000E-01  1.0000E-01  1.0000E-01  1.0000E-01  1.0000E-01 -1.0000E-01  1.0000E-01  1.0000E-01  1.0000E-01
             1.0000E-01  1.0000E-01  1.0000E-01  1.0000E-01  1.0000E-01
 GRADIENT:   2.7712E-02 -1.5323E+00  3.0167E-01  2.3977E+00 -2.0058E-01 -1.1800E-03  1.0930E-04  6.7399E-03  1.0980E-03 -1.4027E-03
            -3.3910E-02 -2.4231E-03  1.4630E-02 -1.4931E-03  4.9549E-02

0ITERATION NO.:    2    OBJECTIVE VALUE:   30904.4086315090        NO. OF FUNC. EVALS.:  37
 CUMULATIVE NO. OF FUNC. EVALS.:       82
 NPARAMETR:  4.4310E-01  4.1190E+00  1.1720E+00  4.2094E+00  1.2846E+00  4.8474E-01 -3.7771E-02  4.1893E-01  2.1875E-01  6.6811E-02
             1.2140E-01  8.2378E-02  7.0363E-02  1.1441E-01  3.9938E-02
 PARAMETER:  1.0000E-01  1.0000E-01  1.0000E-01  1.0000E-01  1.0000E-01  1.0000E-01 -1.0000E-01  1.0000E-01  1.0000E-01  1.0000E-01
             1.0000E-01  1.0000E-01  1.0000E-01  1.0000E-01  1.0000E-01
 GRADIENT:   3.1725E-02 -1.2448E+01 -2.0986E+00  3.9151E+00 -1.9109E-01  1.6445E-02  4.5797E-04  8.4431E-03  7.2612E-04  3.0390E-04
            -3.6749E-02 -2.1044E-03  1.5613E-02 -1.1587E-03  4.9455E-02

 #TERM:
0MINIMIZATION SUCCESSFUL
 HOWEVER, PROBLEMS OCCURRED WITH THE MINIMIZATION.
 REGARD THE RESULTS OF THE ESTIMATION STEP CAREFULLY, AND ACCEPT THEM ONLY
 AFTER CHECKING THAT THE COVARIANCE STEP PRODUCES REASONABLE OUTPUT.
 NO. OF FUNCTION EVALUATIONS USED:       82
 NO. OF SIG. DIGITS IN FINAL EST.:  4.0

 ETABAR IS THE ARITHMETIC MEAN OF THE ETA-ESTIMATES,
 AND THE P-VALUE IS GIVEN FOR THE NULL HYPOTHESIS THAT THE TRUE MEAN IS 0.

 ETABAR:        -1.4463E-02 -1.6958E-03  8.0104E-04
 SE:             3.1647E-02  2.1440E-02  2.6405E-02
 N:                     160         160         160

 P VAL.:         6.4767E-01  9.3695E-01  9.7580E-01

 ETASHRINKSD(%)  1.4410E+01  5.5122E+00  1.2522E+00
 ETASHRINKVR(%)  2.6744E+01  1.0720E+01  2.4888E+00
 EBVSHRINKSD(%)  1.4441E+01  5.5586E+00  1.2461E+00
 EBVSHRINKVR(%)  2.6797E+01  1.0808E+01  2.4766E+00
 RELATIVEINF(%)  3.0726E+01  6.8887E+01  9.2850E+01
 EPSSHRINKSD(%)  5.0159E+00
 EPSSHRINKVR(%)  9.7802E+00

  
 TOTAL DATA POINTS NORMALLY DISTRIBUTED (N):         3142
 N*LOG(2PI) CONSTANT TO OBJECTIVE FUNCTION:    5774.6097426581628     
 OBJECTIVE FUNCTION VALUE WITHOUT CONSTANT:    30904.408631509050     
 OBJECTIVE FUNCTION VALUE WITH CONSTANT:       36679.018374167215     
 REPORTED OBJECTIVE FUNCTION DOES NOT CONTAIN CONSTANT
  
 TOTAL EFFECTIVE ETAS (NIND*NETA):                           480
  
 #TERE:
 Elapsed estimation  time in seconds:     5.77
 Elapsed covariance  time in seconds:    17.11
 Elapsed postprocess time in seconds:     0.00
LOADED VARIANCE/COVARIANCE DATA FROM FILE ../106/106.cov
1
 
 
 
 
 
 
 
 
 
 
 
 
 
 
 
 
 
 
 
 
 ************************************************************************************************************************
 ********************                                                                                ********************
 ********************               FIRST ORDER CONDITIONAL ESTIMATION WITH INTERACTION              ********************
 #OBJT:**************                       MINIMUM VALUE OF OBJECTIVE FUNCTION                      ********************
 ********************                                                                                ********************
 ************************************************************************************************************************
 





 #OBJV:********************************************    30904.409       **************************************************
1
 ************************************************************************************************************************
 ********************                                                                                ********************
 ********************               FIRST ORDER CONDITIONAL ESTIMATION WITH INTERACTION              ********************
 ********************                             FINAL PARAMETER ESTIMATE                           ********************
 ********************                                                                                ********************
 ************************************************************************************************************************
 


 THETA - VECTOR OF FIXED EFFECTS PARAMETERS   *********


         TH 1      TH 2      TH 3      TH 4      TH 5      TH 6      TH 7      TH 8     
 
         4.43E-01  4.12E+00  1.17E+00  4.21E+00  1.28E+00  4.85E-01 -3.78E-02  4.19E-01
 


 OMEGA - COV MATRIX FOR RANDOM EFFECTS - ETAS  ********


         ETA1      ETA2      ETA3     
 
 ETA1
+        2.19E-01
 
 ETA2
+        6.68E-02  8.24E-02
 
 ETA3
+        1.21E-01  7.04E-02  1.14E-01
 


 SIGMA - COV MATRIX FOR RANDOM EFFECTS - EPSILONS  ****


         EPS1     
 
 EPS1
+        3.99E-02
 
1


 OMEGA - CORR MATRIX FOR RANDOM EFFECTS - ETAS  *******


         ETA1      ETA2      ETA3     
 
 ETA1
+        4.68E-01
 
 ETA2
+        4.98E-01  2.87E-01
 
 ETA3
+        7.67E-01  7.25E-01  3.38E-01
 


 SIGMA - CORR MATRIX FOR RANDOM EFFECTS - EPSILONS  ***


         EPS1     
 
 EPS1
+        2.00E-01
 
1
 ************************************************************************************************************************
 ********************                                                                                ********************
 ********************               FIRST ORDER CONDITIONAL ESTIMATION WITH INTERACTION              ********************
 ********************                            STANDARD ERROR OF ESTIMATE                          ********************
 ********************                                                                                ********************
 ************************************************************************************************************************
 


 THETA - VECTOR OF FIXED EFFECTS PARAMETERS   *********


         TH 1      TH 2      TH 3      TH 4      TH 5      TH 6      TH 7      TH 8     
 
         6.43E-02  2.75E-02  2.80E-02  1.90E-02  3.48E-02  3.95E-02  6.35E-02  8.63E-02
 


 OMEGA - COV MATRIX FOR RANDOM EFFECTS - ETAS  ********


         ETA1      ETA2      ETA3     
 
 ETA1
+        5.26E-02
 
 ETA2
+        1.94E-02  9.81E-03
 
 ETA3
+        2.24E-02  9.18E-03  1.28E-02
 


 SIGMA - COV MATRIX FOR RANDOM EFFECTS - EPSILONS  ****


         EPS1     
 
 EPS1
+        1.23E-03
 
1


 OMEGA - CORR MATRIX FOR RANDOM EFFECTS - ETAS  *******


         ETA1      ETA2      ETA3     
 
 ETA1
+        5.62E-02
 
 ETA2
+        9.97E-02  1.71E-02
 
 ETA3
+        8.23E-02  4.18E-02  1.89E-02
 


 SIGMA - CORR MATRIX FOR RANDOM EFFECTS - EPSILONS  ***


         EPS1     
 
 EPS1
+        3.09E-03
 
1
 ************************************************************************************************************************
 ********************                                                                                ********************
 ********************               FIRST ORDER CONDITIONAL ESTIMATION WITH INTERACTION              ********************
 ********************                          COVARIANCE MATRIX OF ESTIMATE                         ********************
 ********************                                                                                ********************
 ************************************************************************************************************************
 

            TH 1      TH 2      TH 3      TH 4      TH 5      TH 6      TH 7      TH 8      OM11      OM12      OM13      OM22  
             OM23      OM33      SG11  
 
 TH 1
+        4.14E-03
 
 TH 2
+        1.03E-03  7.58E-04
 
 TH 3
+        7.45E-04  4.62E-04  7.85E-04
 
 TH 4
+       -3.00E-04 -8.90E-05  3.56E-05  3.63E-04
 
 TH 5
+       -1.07E-03 -4.31E-04 -1.38E-04  1.30E-04  1.21E-03
 
 TH 6
+       -2.12E-04  7.32E-05  2.72E-04  9.38E-05 -7.57E-05  1.56E-03
 
 TH 7
+       -8.57E-05  1.28E-04  4.38E-04  9.98E-05 -2.58E-04 -7.26E-05  4.04E-03
 
 TH 8
+       -7.07E-04 -2.90E-04  3.27E-04  2.38E-04 -1.74E-05  5.77E-04 -4.72E-05  7.45E-03
 
 OM11
+        9.28E-04  8.59E-05 -4.04E-05 -8.17E-05 -6.16E-05 -3.02E-04 -3.49E-04 -5.12E-04  2.77E-03
 
 OM12
+        1.55E-04 -1.42E-05  1.51E-05 -2.05E-05  1.34E-04 -6.32E-05 -1.17E-04 -5.18E-05  6.09E-04  3.77E-04
 
 OM13
+        5.11E-04  5.75E-05 -4.47E-06 -4.58E-05 -2.02E-05 -1.69E-04 -1.01E-04 -2.96E-04  8.36E-04  3.01E-04  5.01E-04
 
 OM22
+        1.26E-05 -1.02E-05 -3.94E-06 -1.25E-05  7.82E-05 -4.42E-05 -3.28E-05 -2.39E-05  1.77E-04  1.41E-04  9.96E-05  9.62E-05
 
 OM23
+        3.69E-05 -8.35E-06  1.03E-05 -3.71E-06  4.41E-05 -1.48E-05 -2.02E-05 -1.12E-05  1.80E-04  1.30E-04  1.33E-04  6.80E-05
          8.43E-05
 
 OM33
+        6.23E-05  3.17E-05  3.37E-05 -1.67E-07 -4.06E-05  2.44E-05  8.40E-05 -4.96E-05  1.53E-04  9.71E-05  1.61E-04  3.94E-05
          8.65E-05  1.64E-04
 
 SG11
+        8.62E-06  2.33E-06  7.49E-06  1.85E-06 -4.00E-07  4.89E-06  7.59E-06  5.71E-06 -9.42E-06 -1.12E-06  1.57E-06 -1.30E-06
          1.15E-07  1.47E-06  1.53E-06
 
1
 ************************************************************************************************************************
 ********************                                                                                ********************
 ********************               FIRST ORDER CONDITIONAL ESTIMATION WITH INTERACTION              ********************
 ********************                          CORRELATION MATRIX OF ESTIMATE                        ********************
 ********************                                                                                ********************
 ************************************************************************************************************************
 

            TH 1      TH 2      TH 3      TH 4      TH 5      TH 6      TH 7      TH 8      OM11      OM12      OM13      OM22  
             OM23      OM33      SG11  
 
 TH 1
+        6.43E-02
 
 TH 2
+        5.81E-01  2.75E-02
 
 TH 3
+        4.14E-01  5.99E-01  2.80E-02
 
 TH 4
+       -2.45E-01 -1.70E-01  6.67E-02  1.90E-02
 
 TH 5
+       -4.75E-01 -4.49E-01 -1.41E-01  1.96E-01  3.48E-02
 
 TH 6
+       -8.34E-02  6.73E-02  2.46E-01  1.25E-01 -5.50E-02  3.95E-02
 
 TH 7
+       -2.09E-02  7.34E-02  2.46E-01  8.25E-02 -1.17E-01 -2.91E-02  6.35E-02
 
 TH 8
+       -1.27E-01 -1.22E-01  1.35E-01  1.45E-01 -5.73E-03  1.69E-01 -8.55E-03  8.63E-02
 
 OM11
+        2.74E-01  5.94E-02 -2.74E-02 -8.16E-02 -3.37E-02 -1.45E-01 -1.05E-01 -1.13E-01  5.26E-02
 
 OM12
+        1.24E-01 -2.65E-02  2.78E-02 -5.55E-02  1.98E-01 -8.23E-02 -9.50E-02 -3.09E-02  5.96E-01  1.94E-02
 
 OM13
+        3.55E-01  9.34E-02 -7.13E-03 -1.07E-01 -2.60E-02 -1.92E-01 -7.09E-02 -1.53E-01  7.11E-01  6.94E-01  2.24E-02
 
 OM22
+        1.99E-02 -3.78E-02 -1.44E-02 -6.66E-02  2.29E-01 -1.14E-01 -5.27E-02 -2.82E-02  3.42E-01  7.39E-01  4.54E-01  9.81E-03
 
 OM23
+        6.25E-02 -3.30E-02  4.02E-02 -2.12E-02  1.38E-01 -4.09E-02 -3.46E-02 -1.41E-02  3.73E-01  7.30E-01  6.47E-01  7.54E-01
          9.18E-03
 
 OM33
+        7.56E-02  8.99E-02  9.41E-02 -6.90E-04 -9.10E-02  4.82E-02  1.03E-01 -4.49E-02  2.28E-01  3.91E-01  5.63E-01  3.14E-01
          7.36E-01  1.28E-02
 
 SG11
+        1.09E-01  6.87E-02  2.16E-01  7.85E-02 -9.39E-03  1.00E-01  9.69E-02  5.35E-02 -1.45E-01 -4.67E-02  5.70E-02 -1.07E-01
          1.02E-02  9.27E-02  1.23E-03
 
1
 ************************************************************************************************************************
 ********************                                                                                ********************
 ********************               FIRST ORDER CONDITIONAL ESTIMATION WITH INTERACTION              ********************
 ********************                      INVERSE COVARIANCE MATRIX OF ESTIMATE                     ********************
 ********************                                                                                ********************
 ************************************************************************************************************************
 

            TH 1      TH 2      TH 3      TH 4      TH 5      TH 6      TH 7      TH 8      OM11      OM12      OM13      OM22  
             OM23      OM33      SG11  
 
 TH 1
+        5.92E+02
 
 TH 2
+       -2.79E+02  3.26E+03
 
 TH 3
+       -4.42E+02 -1.75E+03  3.11E+03
 
 TH 4
+        1.93E+02  2.98E+02 -4.38E+02  3.18E+03
 
 TH 5
+        3.70E+02  6.74E+02 -6.42E+02 -1.82E+02  1.50E+03
 
 TH 6
+        8.36E+01  6.37E+01 -3.60E+02 -8.29E+01  1.25E+02  7.88E+02
 
 TH 7
+        6.07E+01  1.42E+02 -3.09E+02 -4.35E+01  1.23E+02  7.95E+01  3.02E+02
 
 TH 8
+        3.02E+01  1.52E+02 -1.70E+02 -4.81E+01  8.66E+01 -1.79E+01  2.11E+01  1.57E+02
 
 OM11
+        8.08E+00  5.28E+01 -6.32E+01 -6.91E+01  1.13E+02 -2.29E+01  1.25E+01  6.41E+00  9.29E+02
 
 OM12
+        1.38E+02  1.95E+02 -5.64E+02  1.76E+02 -3.87E+02 -2.61E+02  4.50E+01 -5.87E+01 -7.96E+02  1.09E+04
 
 OM13
+       -7.77E+02 -1.55E+02  1.04E+03 -1.86E+01 -3.56E+02  4.37E+02  3.81E+00  7.18E+01 -1.59E+03 -3.10E+03  9.50E+03
 
 OM22
+        1.31E+02 -1.76E+03  1.07E+03  5.88E+02 -4.69E+02  3.71E+02 -3.82E+02  4.68E+01  2.23E+02 -7.35E+03  2.29E+03  4.14E+04
 
 OM23
+       -3.10E+02  2.79E+03 -1.54E+03 -3.34E+02 -5.31E+02  1.92E+01  6.92E+02 -1.74E+02  8.63E+02 -6.94E+03 -3.37E+03 -3.92E+04
          9.34E+04
 
 OM33
+        7.96E+02 -1.12E+03 -1.42E+02 -2.77E+01  1.05E+03 -4.42E+02 -4.26E+02  9.58E+01  6.20E+02  2.65E+03 -4.66E+03  1.26E+04
         -3.39E+04  2.39E+04
 
 SG11
+       -1.25E+03  3.50E+03 -7.14E+03 -2.36E+03 -1.28E+03 -1.57E+03 -6.55E+02 -2.44E+02  6.61E+03  2.40E+02 -1.74E+04  1.62E+04
         -1.65E+03  2.28E+03  7.75E+05
 
1
 
 
 
 
 
 
 
 
 
 
 
 
 
 
 
 
 
 
 
 
 ************************************************************************************************************************
 ********************                                                                                ********************
 ********************               FIRST ORDER CONDITIONAL ESTIMATION WITH INTERACTION              ********************
 ********************                      EIGENVALUES OF COR MATRIX OF ESTIMATE                     ********************
 ********************                                                                                ********************
 ************************************************************************************************************************
 

             1         2         3         4         5         6         7         8         9        10        11        12
             13        14        15
 
         8.07E-02  1.33E-01  1.92E-01  2.32E-01  3.41E-01  5.07E-01  6.73E-01  8.47E-01  8.91E-01  9.47E-01  9.51E-01  1.10E+00
          1.66E+00  2.53E+00  3.91E+00
 
 Elapsed finaloutput time in seconds:     0.01
SIR SAMPLING ITERATION      1 OF      1
1


 #TBLN:      2
 #METH: Importance Sampling of Variance-Covariance (SIR)

 Sampling Mode
 iteration            0 OBJ=    30904.408631509050     
 iteration          100 OBJ=    30915.624882410870     

 #TERM:
 STATISTICAL PORTION WAS COMPLETED
  
 TOTAL DATA POINTS NORMALLY DISTRIBUTED (N):         3142
 N*LOG(2PI) CONSTANT TO OBJECTIVE FUNCTION:    5774.6097426581628     
 OBJECTIVE FUNCTION VALUE WITHOUT CONSTANT:    30919.499121736888     
 OBJECTIVE FUNCTION VALUE WITH CONSTANT:       36694.108864395050     
 REPORTED OBJECTIVE FUNCTION DOES NOT CONTAIN CONSTANT
  
 TOTAL EFFECTIVE ETAS (NIND*NETA):                           480
 NIND*NETA*LOG(2PI) CONSTANT TO OBJECTIVE FUNCTION:    882.18099187648579     
 OBJECTIVE FUNCTION VALUE WITHOUT CONSTANT:    30919.499121736888     
 OBJECTIVE FUNCTION VALUE WITH CONSTANT:       31801.680113613373     
 REPORTED OBJECTIVE FUNCTION DOES NOT CONTAIN CONSTANT
  
 #TERE:
 Elapsed estimation  time in seconds:     7.03
1
 
 
 
 
 
 
 
 
 
 
 
 
 
 
 
 
 
 
 
 
 ************************************************************************************************************************
 ********************                                                                                ********************
 ********************                 IMPORTANCE SAMPLING OF VARIANCE-COVARIANCE (SIR)               ********************
 #OBJT:**************                    AVERAGE FITNESS VALUE OF PROPOSAL DENSITY                   ********************
 ********************                                                                                ********************
 ************************************************************************************************************************
 





 #OBJV:********************************************    30919.499       **************************************************
 #OBJS:********************************************        5.235 (STD) **************************************************
1
 ************************************************************************************************************************
 ********************                                                                                ********************
 ********************                 IMPORTANCE SAMPLING OF VARIANCE-COVARIANCE (SIR)               ********************
 ********************                             FINAL PARAMETER ESTIMATE                           ********************
 ********************                                                                                ********************
 ************************************************************************************************************************
 


 THETA - VECTOR OF FIXED EFFECTS PARAMETERS   *********


         TH 1      TH 2      TH 3      TH 4      TH 5      TH 6      TH 7      TH 8     
 
         4.41E-01  4.12E+00  1.17E+00  4.21E+00  1.29E+00  4.94E-01 -4.04E-02  4.13E-01
 


 OMEGA - COV MATRIX FOR RANDOM EFFECTS - ETAS  ********


         ETA1      ETA2      ETA3     
 
 ETA1
+        2.28E-01
 
 ETA2
+        6.88E-02  8.46E-02
 
 ETA3
+        1.27E-01  7.02E-02  1.16E-01
 


 SIGMA - COV MATRIX FOR RANDOM EFFECTS - EPSILONS  ****


         EPS1     
 
 EPS1
+        4.00E-02
 
1


 OMEGA - CORR MATRIX FOR RANDOM EFFECTS - ETAS  *******


         ETA1      ETA2      ETA3     
 
 ETA1
+        4.75E-01
 
 ETA2
+        4.94E-01  2.90E-01
 
 ETA3
+        7.80E-01  7.07E-01  3.41E-01
 


 SIGMA - CORR MATRIX FOR RANDOM EFFECTS - EPSILONS  ***


         EPS1     
 
 EPS1
+        2.00E-01
 
1
 ************************************************************************************************************************
 ********************                                                                                ********************
 ********************                 IMPORTANCE SAMPLING OF VARIANCE-COVARIANCE (SIR)               ********************
 ********************                STANDARD ERROR OF ESTIMATE (From Sample Variance)               ********************
 ********************                                                                                ********************
 ************************************************************************************************************************
 


 THETA - VECTOR OF FIXED EFFECTS PARAMETERS   *********


         TH 1      TH 2      TH 3      TH 4      TH 5      TH 6      TH 7      TH 8     
 
         6.24E-02  2.95E-02  3.56E-02  2.10E-02  3.97E-02  6.21E-02  5.95E-02  8.47E-02
 


 OMEGA - COV MATRIX FOR RANDOM EFFECTS - ETAS  ********


         ETA1      ETA2      ETA3     
 
 ETA1
+        4.67E-02
 
 ETA2
+        1.61E-02  8.60E-03
 
 ETA3
+        1.98E-02  9.08E-03  1.33E-02
 


 SIGMA - COV MATRIX FOR RANDOM EFFECTS - EPSILONS  ****


         EPS1     
 
 EPS1
+        1.08E-03
 
1


 OMEGA - CORR MATRIX FOR RANDOM EFFECTS - ETAS  *******


         ETA1      ETA2      ETA3     
 
 ETA1
+        4.84E-02
 
 ETA2
+        8.30E-02  1.48E-02
 
 ETA3
+        7.05E-02  4.55E-02  1.93E-02
 


 SIGMA - CORR MATRIX FOR RANDOM EFFECTS - EPSILONS  ***


         EPS1     
 
 EPS1
+        2.69E-03
 
1
 ************************************************************************************************************************
 ********************                                                                                ********************
 ********************                 IMPORTANCE SAMPLING OF VARIANCE-COVARIANCE (SIR)               ********************
 ********************               COVARIANCE MATRIX OF ESTIMATE (From Sample Variance)             ********************
 ********************                                                                                ********************
 ************************************************************************************************************************
 

            TH 1      TH 2      TH 3      TH 4      TH 5      TH 6      TH 7      TH 8      OM11      OM12      OM13      OM22  
             OM23      OM33      SG11  
 
 TH 1
+        3.89E-03
 
 TH 2
+        1.21E-03  8.68E-04
 
 TH 3
+        1.32E-03  5.42E-04  1.27E-03
 
 TH 4
+       -2.38E-04 -1.15E-04  1.41E-04  4.41E-04
 
 TH 5
+       -1.35E-03 -6.76E-04 -3.15E-05  3.20E-04  1.57E-03
 
 TH 6
+        8.24E-04  4.96E-04  5.20E-04  7.89E-05 -8.28E-04  3.85E-03
 
 TH 7
+        2.44E-04  1.48E-04  7.00E-04  2.34E-04  3.07E-04 -5.28E-04  3.55E-03
 
 TH 8
+        1.70E-03  4.28E-04  1.49E-03  1.59E-04 -4.02E-04  2.23E-03 -3.37E-04  7.17E-03
 
 OM11
+        3.45E-04  1.13E-04 -2.05E-04 -2.26E-04 -3.74E-04 -9.60E-04 -4.94E-04 -7.54E-04  2.18E-03
 
 OM12
+       -8.50E-05 -5.07E-05 -4.39E-05  6.87E-06  1.04E-04 -3.37E-04 -2.18E-05 -2.72E-04  4.82E-04  2.59E-04
 
 OM13
+       -1.76E-05 -1.25E-05 -1.02E-04 -6.21E-05  8.06E-07 -4.73E-04  2.62E-05 -4.59E-04  6.71E-04  2.30E-04  3.91E-04
 
 OM22
+       -1.80E-04 -6.01E-05 -3.50E-05  2.01E-05  1.35E-04 -2.18E-04  1.10E-04 -2.04E-04  7.72E-05  8.04E-05  6.64E-05  7.40E-05
 
 OM23
+       -1.47E-04 -4.23E-05 -1.38E-05  4.52E-05  1.03E-04 -1.14E-04  1.55E-04 -7.40E-05  5.49E-05  8.28E-05  7.38E-05  5.16E-05
          8.24E-05
 
 OM33
+       -1.54E-04 -4.66E-05  4.04E-05  5.85E-05  1.42E-04 -1.52E-04  2.93E-04 -7.98E-06  4.27E-05  9.88E-05  1.17E-04  4.68E-05
          9.92E-05  1.78E-04
 
 SG11
+       -4.75E-06  1.64E-06 -1.27E-06  4.82E-06  4.22E-06  1.80E-05 -3.32E-06  6.57E-06 -1.84E-05 -3.44E-06 -1.92E-06 -9.00E-07
         -1.14E-07  5.19E-07  1.16E-06
 
1
 ************************************************************************************************************************
 ********************                                                                                ********************
 ********************                 IMPORTANCE SAMPLING OF VARIANCE-COVARIANCE (SIR)               ********************
 ********************              CORRELATION MATRIX OF ESTIMATE (From Sample Variance)             ********************
 ********************                                                                                ********************
 ************************************************************************************************************************
 

            TH 1      TH 2      TH 3      TH 4      TH 5      TH 6      TH 7      TH 8      OM11      OM12      OM13      OM22  
             OM23      OM33      SG11  
 
 TH 1
+        6.24E-02
 
 TH 2
+        6.58E-01  2.95E-02
 
 TH 3
+        5.94E-01  5.17E-01  3.56E-02
 
 TH 4
+       -1.82E-01 -1.85E-01  1.89E-01  2.10E-02
 
 TH 5
+       -5.44E-01 -5.79E-01 -2.23E-02  3.84E-01  3.97E-02
 
 TH 6
+        2.13E-01  2.71E-01  2.35E-01  6.06E-02 -3.36E-01  6.21E-02
 
 TH 7
+        6.56E-02  8.43E-02  3.30E-01  1.87E-01  1.30E-01 -1.43E-01  5.95E-02
 
 TH 8
+        3.22E-01  1.72E-01  4.95E-01  8.94E-02 -1.20E-01  4.24E-01 -6.69E-02  8.47E-02
 
 OM11
+        1.18E-01  8.18E-02 -1.23E-01 -2.30E-01 -2.02E-01 -3.31E-01 -1.77E-01 -1.91E-01  4.67E-02
 
 OM12
+       -8.47E-02 -1.07E-01 -7.67E-02  2.04E-02  1.62E-01 -3.38E-01 -2.28E-02 -2.00E-01  6.41E-01  1.61E-02
 
 OM13
+       -1.43E-02 -2.15E-02 -1.45E-01 -1.50E-01  1.03E-03 -3.85E-01  2.23E-02 -2.74E-01  7.27E-01  7.23E-01  1.98E-02
 
 OM22
+       -3.35E-01 -2.37E-01 -1.14E-01  1.11E-01  3.96E-01 -4.08E-01  2.16E-01 -2.80E-01  1.92E-01  5.81E-01  3.91E-01  8.60E-03
 
 OM23
+       -2.60E-01 -1.58E-01 -4.26E-02  2.37E-01  2.87E-01 -2.02E-01  2.87E-01 -9.62E-02  1.29E-01  5.67E-01  4.11E-01  6.61E-01
          9.08E-03
 
 OM33
+       -1.86E-01 -1.19E-01  8.50E-02  2.09E-01  2.68E-01 -1.84E-01  3.69E-01 -7.06E-03  6.85E-02  4.60E-01  4.44E-01  4.08E-01
          8.19E-01  1.33E-02
 
 SG11
+       -7.08E-02  5.17E-02 -3.31E-02  2.13E-01  9.90E-02  2.70E-01 -5.18E-02  7.21E-02 -3.66E-01 -1.99E-01 -9.02E-02 -9.72E-02
         -1.16E-02  3.61E-02  1.08E-03
 
1
 ************************************************************************************************************************
 ********************                                                                                ********************
 ********************                 IMPORTANCE SAMPLING OF VARIANCE-COVARIANCE (SIR)               ********************
 ********************           INVERSE COVARIANCE MATRIX OF ESTIMATE (From Sample Variance)         ********************
 ********************                                                                                ********************
 ************************************************************************************************************************
 

            TH 1      TH 2      TH 3      TH 4      TH 5      TH 6      TH 7      TH 8      OM11      OM12      OM13      OM22  
             OM23      OM33      SG11  
 
 TH 1
+        8.40E+02
 
 TH 2
+       -1.48E+02  3.40E+03
 
 TH 3
+       -8.83E+02 -1.74E+03  3.38E+03
 
 TH 4
+        1.79E+02  5.03E+02 -7.68E+02  3.36E+03
 
 TH 5
+        5.73E+02  1.31E+03 -1.41E+03 -2.77E+02  2.11E+03
 
 TH 6
+        1.30E+02  2.81E+01 -2.74E+02 -4.23E+01  3.65E+02  5.06E+02
 
 TH 7
+        5.20E-01  8.06E+01 -3.79E+02 -1.03E+02  1.21E+02  6.58E+01  4.73E+02
 
 TH 8
+       -1.44E+01  2.59E+02 -4.02E+02  6.08E+01  9.81E+01 -6.61E+01  8.71E+01  2.58E+02
 
 OM11
+        9.17E+01 -1.90E+02 -5.49E+01 -1.52E+02  3.35E+02  1.72E+02  1.12E+02 -4.74E+01  1.91E+03
 
 OM12
+       -4.55E+02  3.26E+02 -1.71E+02 -5.72E+02 -7.02E+02 -2.99E+02  5.75E+02  1.04E+02 -1.94E+03  1.49E+04
 
 OM13
+       -3.05E+02  2.69E+02  3.63E+02  9.87E+02  4.60E+01  1.58E+02 -1.41E+02  2.26E+02 -2.73E+03 -3.02E+03  1.12E+04
 
 OM22
+        1.23E+03 -3.98E+01 -1.68E+03  1.53E+03 -6.51E+02  1.04E+03 -6.41E+02  2.38E+02  1.62E+03 -7.82E+03 -2.65E+03  4.23E+04
 
 OM23
+       -6.07E+02 -1.73E+03  3.61E+03 -2.79E+03 -1.08E+02 -9.78E+02 -1.18E+02 -2.81E+02 -7.28E+02 -4.58E+03  4.74E+03 -3.10E+04
          7.23E+04
 
 OM33
+        9.36E+02  5.63E+02 -1.99E+03  6.17E+02  2.30E+02  5.37E+02 -6.99E+02 -2.36E+02  2.12E+03 -1.96E+03 -7.13E+03  1.52E+04
         -3.40E+04  2.85E+04
 
 SG11
+       -2.02E+03 -1.79E+04  1.55E+04 -1.56E+04 -1.08E+04 -5.71E+03  2.35E+03 -1.47E+03  1.82E+04  1.09E+04 -4.17E+04  1.02E+03
          1.34E+04  2.49E+02  1.36E+06
 
1
 
 
 
 
 
 
 
 
 
 
 
 
 
 
 
 
 
 
 
 
 ************************************************************************************************************************
 ********************                                                                                ********************
 ********************                 IMPORTANCE SAMPLING OF VARIANCE-COVARIANCE (SIR)               ********************
 ********************           EIGENVALUES OF COR MATRIX OF ESTIMATE (From Sample Variance)         ********************
 ********************                                                                                ********************
 ************************************************************************************************************************
 

             1         2         3         4         5         6         7         8         9        10        11        12
             13        14        15
 
         7.85E-02  1.22E-01  1.51E-01  1.82E-01  2.93E-01  3.71E-01  4.20E-01  5.94E-01  6.28E-01  8.18E-01  1.01E+00  1.20E+00
          2.28E+00  2.61E+00  4.23E+00
 
 #CPUT: Total CPU Time in Seconds,       30.765
Stop Time:
Tue Jan  9 23:38:26 EST 2024
