Starting NMTRAN
  
 WARNINGS AND ERRORS (IF ANY) FOR PROBLEM    1
             
 (WARNING  2) NM-TRAN INFERS THAT THE DATA ARE POPULATION.

 LIM VALUES MAXLIM ASSESSED BY NMTRAN: 1,2,3,4,5,6,7,8,10,11,13,15,16        
  
Note: Analytical 2nd Derivatives are constructed in FSUBS but are never used.
      You may insert $ABBR DERIV2=NO after the first $PROB to save FSUBS construction and compilation time
  
Recompiling certain components
Building NONMEM Executable
Starting nonmem execution ...
License Registered to: Metrum Research Group
Expiration Date:    14 JUL 2024
Current Date:        9 JAN 2024
Days until program expires : 185


 Chain Record Processing


LOADED VARIANCE/COVARIANCE DATA FROM FILE ../106/106.cov
 $MSFI/$ETAS/$PHIS NOT SPECIFIED.  SO ESTIMATION WILL NOT BE SKIPPED, AND FNLETA=0


 First Order Conditional Estimation with Interaction
 MONITORING OF SEARCH:


0ITERATION NO.:    0    OBJECTIVE VALUE:   30904.4086315090        NO. OF FUNC. EVALS.:  11
 CUMULATIVE NO. OF FUNC. EVALS.:       11
 NPARAMETR:  4.4310E-01  4.1190E+00  1.1720E+00  4.2094E+00  1.2846E+00  4.8474E-01 -3.7771E-02  4.1893E-01  2.1875E-01  6.6811E-02
             1.2140E-01  8.2378E-02  7.0363E-02  1.1441E-01  3.9938E-02
 PARAMETER:  1.0000E-01  1.0000E-01  1.0000E-01  1.0000E-01  1.0000E-01  1.0000E-01 -1.0000E-01  1.0000E-01  1.0000E-01  1.0000E-01
             1.0000E-01  1.0000E-01  1.0000E-01  1.0000E-01  1.0000E-01
 GRADIENT:   3.5085E+00  3.3119E+03  1.0323E+03  6.9449E+02  2.9172E+01  2.1950E+01  8.2741E-02  6.3833E+00  1.0980E-03 -1.4027E-03
            -3.3910E-02 -2.4231E-03  1.4630E-02 -1.4931E-03  6.7794E-01

0ITERATION NO.:    1    OBJECTIVE VALUE:   30904.4086315090        NO. OF FUNC. EVALS.:  34
 CUMULATIVE NO. OF FUNC. EVALS.:       45
 NPARAMETR:  4.4310E-01  4.1190E+00  1.1720E+00  4.2094E+00  1.2846E+00  4.8474E-01 -3.7771E-02  4.1893E-01  2.1875E-01  6.6811E-02
             1.2140E-01  8.2378E-02  7.0363E-02  1.1441E-01  3.9938E-02
 PARAMETER:  1.0000E-01  1.0000E-01  1.0000E-01  1.0000E-01  1.0000E-01  1.0000E-01 -1.0000E-01  1.0000E-01  1.0000E-01  1.0000E-01
             1.0000E-01  1.0000E-01  1.0000E-01  1.0000E-01  1.0000E-01
 GRADIENT:   2.7712E-02 -1.5323E+00  3.0167E-01  2.3977E+00 -2.0058E-01 -1.1800E-03  1.0930E-04  6.7399E-03  1.0980E-03 -1.4027E-03
            -3.3910E-02 -2.4231E-03  1.4630E-02 -1.4931E-03  4.9549E-02

0ITERATION NO.:    2    OBJECTIVE VALUE:   30904.4086315090        NO. OF FUNC. EVALS.:  37
 CUMULATIVE NO. OF FUNC. EVALS.:       82
 NPARAMETR:  4.4310E-01  4.1190E+00  1.1720E+00  4.2094E+00  1.2846E+00  4.8474E-01 -3.7771E-02  4.1893E-01  2.1875E-01  6.6811E-02
             1.2140E-01  8.2378E-02  7.0363E-02  1.1441E-01  3.9938E-02
 PARAMETER:  1.0000E-01  1.0000E-01  1.0000E-01  1.0000E-01  1.0000E-01  1.0000E-01 -1.0000E-01  1.0000E-01  1.0000E-01  1.0000E-01
             1.0000E-01  1.0000E-01  1.0000E-01  1.0000E-01  1.0000E-01
 GRADIENT:   3.1725E-02 -1.2448E+01 -2.0986E+00  3.9151E+00 -1.9109E-01  1.6445E-02  4.5797E-04  8.4431E-03  7.2612E-04  3.0390E-04
            -3.6749E-02 -2.1044E-03  1.5613E-02 -1.1587E-03  4.9455E-02
 Elapsed estimation  time in seconds:     5.77
 Elapsed covariance  time in seconds:    17.11
 Elapsed postprocess time in seconds:     0.00
LOADED VARIANCE/COVARIANCE DATA FROM FILE ../106/106.cov
 Elapsed finaloutput time in seconds:     0.01
SIR SAMPLING ITERATION      1 OF      1
 Sampling Mode
 iteration            0 OBJ=    30904.408631509050     
 iteration          100 OBJ=    30915.624882410870     
 Elapsed estimation  time in seconds:     7.03
 STATISTICAL PORTION WAS COMPLETED

Done with nonmem execution
