Starting NMTRAN
  
 WARNINGS AND ERRORS (IF ANY) FOR PROBLEM    1
             
 (WARNING  2) NM-TRAN INFERS THAT THE DATA ARE POPULATION.

 LIM VALUES MAXLIM ASSESSED BY NMTRAN: 1,2,3,4,5,6,7,8,10,11,13,15,16        
  
Note: Analytical 2nd Derivatives are constructed in FSUBS but are never used.
      You may insert $ABBR DERIV2=NO after the first $PROB to save FSUBS construction and compilation time
  
Recompiling certain components
 Minimum value for a list item exceeded:      1

 USING PARALLEL PROFILE 106-sir-2.pnm
 MPI TRANSFER TYPE SELECTED
Building NONMEM Executable
 Minimum value for a list item exceeded:      1
 Parallelization Warnings are in FPWARN
Starting MPI version of nonmem execution ...
Manager Location ip-10-128-37-160//data/SIR_questions/model/pk/106-sir-mmratio/106-sir-2
 Minimum value for a list item exceeded:      1
 Parallelization Warnings are in FPWARN
License Registered to: Metrum Research Group (with RADAR5NM)
Expiration Date:    14 JUL 2023
Current Date:       30 APR 2023
Days until program expires :  74


 Chain Record Processing


LOADED PHI/ETA DATA FROM FILE ../../106/106.phi
LOADED VARIANCE/COVARIANCE DATA FROM FILE ../../106/106.cov
 SKIPPING ESTIMATION, USING ETAS THAT ARE FROM PHI/ETA INPUTS
 ALSO SKIPPING $COV STEP
 Elapsed postprocess time in seconds:     0.00
LOADED VARIANCE/COVARIANCE DATA FROM FILE ../../106/106.cov
 Elapsed finaloutput time in seconds:     0.00
 Minimum value for a list item exceeded:      1
 Parallelization Warnings are in FPWARN
SIR SAMPLING ITERATION      1 OF      1
 Sampling Mode
 iteration            0 OBJ=    30904.408631509050     
 iteration          500 OBJ=    30940.408572765027     
 Elapsed estimation  time in seconds:    75.72
 STATISTICAL PORTION WAS COMPLETED

Done with nonmem execution
